1	1
10	1199
100	416
1000	5
1002	5
10032	1
1004	10
1006	7
1008	6
1010	5
1012	9
1014	4
1016	7
1018	2
102	414
1020	8
1022	6
1024	5
1026	2
1028	5
1030	5
1032	3
1034	4
1036	5
1038	6
104	379
1040	4
1042	4
1044	4
1046	3
1048	6
1050	8
1052	5
1054	2
1056	5
1058	5
106	399
1060	5
1062	4
1064	4
1066	2
1068	1
1070	5
1072	4
1074	3
1076	10
1078	2
108	371
1080	1
1082	5
1084	3
1086	5
1088	2
1090	8
1092	3
1094	5
1096	4
1098	6
110	384
1102	8
1104	2
11046	1
1106	3
1108	2
1110	2
1112	6
1114	6
1116	6
1118	6
112	406
1120	4
1122	4
1124	5
1126	4
1128	5
1130	5
1132	7
1134	6
1136	3
1138	2
114	352
1140	3
1142	8
1144	5
1146	1
1148	4
1150	5
1152	4
1154	6
1156	6
1158	1
116	349
1160	2
1162	9
1164	2
1168	6
1170	1
1172	4
1176	4
1178	3
118	379
1180	3
1182	2
1184	4
1186	7
1188	4
1190	3
1192	8
1194	2
1196	4
1198	5
12	1104
120	365
1200	10
1202	3
1204	5
1206	3
1208	4
12084	1
1210	7
1212	5
1214	4
1218	8
122	335
1220	1
1222	6
1224	5
1226	5
1228	3
1230	1
1232	4
1234	2
1236	3
1238	6
124	355
1240	3
1242	4
1244	3
1246	5
1248	2
1250	5
1252	7
1254	5
1256	5
1258	4
126	320
1260	4
1262	1
1264	4
1266	5
1268	7
1270	1
1272	2
1274	4
1276	2
1278	4
128	322
1280	4
1282	3
1284	4
1286	2
1288	4
1290	6
1292	1
1294	2
1296	2
1298	1
130	332
1300	4
1302	1
1304	3
1306	2
1308	2
1310	4
1312	4
1314	3
1316	7
1318	4
132	319
1320	6
1322	2
1324	7
1326	3
1328	3
1330	1
1332	3
1334	2
1336	3
1338	2
134	308
1340	3
1342	4
1344	4
1346	6
1348	1
1350	1
1352	6
1354	3
1356	2
1358	5
136	303
1360	4
1362	2
1364	4
1366	1
1370	5
1372	7
1374	4
1376	4
1378	3
138	328
1380	4
1382	2
1384	2
1386	1
1388	4
1390	1
1392	3
1394	2
1396	3
1398	1
14	995
140	332
1400	1
1402	3
1404	2
1410	3
1412	1
1414	4
1416	4
1418	6
142	293
1420	2
1422	4
1424	1
1426	1
1428	1
1430	1
1432	5
1434	2
1438	3
144	297
1440	2
1442	4
1444	3
1446	1
1448	3
1450	1
1452	1
1454	3
1456	3
1458	5
146	276
1460	3
1464	3
1466	1
1468	2
1470	2
1474	3
1476	4
1478	1
148	286
1480	3
1482	5
1484	1
1486	1
1488	3
1490	1
1492	2
1494	4
1498	1
150	281
1500	1
1502	4
1504	1
1506	3
1508	1
1510	1
1512	1
1514	3
1516	1
1518	4
152	254
1520	1
1522	2
1524	1
1526	1
1528	1
1530	2
1532	1
1534	1
1538	1
154	287
1544	4
1546	5
1548	1
1552	2
1554	2
1556	1
156	256
1568	1
1572	1
1576	2
1578	1
158	271
1580	1
1584	2
1586	1
1588	2
1592	1
1596	3
1598	1
16	1017
160	275
1600	2
1602	3
1604	1
1606	3
1608	2
1614	4
1618	1
162	254
1620	1
1622	2
1626	2
1628	1
1630	1
1632	1
1636	1
1638	1
164	256
1642	1
1646	1
1650	1
1652	1
1654	1
1656	1
166	226
1660	1
1664	1
1666	2
1668	2
1670	2
1674	3
1678	2
168	220
1680	1
1682	2
1684	3
1686	2
1688	1
1690	3
1692	1
1698	1
170	245
1706	2
1708	1
1712	2
1714	1
1716	3
172	222
1720	3
1724	1
1726	2
1728	3
1730	1
1732	1
1734	1
174	229
1740	2
1742	2
1744	1
1746	2
1752	3
1758	1
176	236
1764	1
1768	2
1770	1
1776	1
178	242
1780	2
1782	1
1786	1
1792	1
1794	1
1796	2
18	971
180	236
1800	4
1802	1
1804	1
1806	3
1812	1
1814	2
18174	1
1818	1
182	231
1820	3
1822	2
1824	3
1826	1
1830	1
1838	2
184	220
1840	2
1842	1
1844	2
1848	2
1850	2
1856	1
186	203
1868	2
1870	1
1872	1
1876	1
1878	2
188	183
1880	1
1882	1
1890	1
1894	1
1896	3
1898	1
190	204
1904	1
1908	1
1910	2
1914	1
192	200
1920	2
1924	1
1926	1
1934	1
194	197
1942	1
1944	1
1946	1
1952	1
196	191
1962	1
1964	1
1968	2
1972	1
1974	1
1976	1
198	195
1980	1
1982	1
1988	2
1992	1
1994	1
1998	1
2	1812
20	936
200	187
2004	2
2010	1
2018	1
202	200
2026	1
2028	3
2030	1
2036	1
204	164
2040	2
2044	1
2046	1
2056	1
2058	1
206	174
2060	1
2062	2
2064	1
2068	2
2072	1
2074	1
2076	3
2078	1
208	176
2084	1
2094	1
210	172
2100	2
2102	1
2104	3
2114	1
212	166
2124	1
2126	1
2128	1
2130	1
2134	1
2136	1
2138	1
214	155
2140	1
2142	1
2146	1
2156	1
2158	1
216	161
2162	2
2166	2
2172	1
2176	1
218	174
2180	1
2182	3
2186	1
2190	1
22	892
220	149
2204	2
2212	1
222	150
2220	1
2222	1
2226	1
2228	2
2232	1
2234	1
2236	1
2238	1
224	142
2252	1
2254	2
226	155
2260	1
2266	1
2268	2
2278	1
228	134
2286	1
2290	1
2292	1
230	145
2300	1
2304	1
2306	1
2312	1
2314	2
2318	1
232	144
2322	1
2324	2
2326	2
2330	1
2332	1
2336	2
234	124
2344	1
2346	1
2348	1
2356	1
236	141
2364	1
2370	1
238	151
2394	1
24	874
240	136
2400	2
2402	1
2410	1
2412	1
242	138
2422	2
2428	1
2430	1
2432	1
2434	1
2438	1
244	150
2440	1
2446	1
2452	1
246	131
2464	1
2470	2
2474	1
2476	1
248	127
2490	1
2492	2
2496	2
250	138
2504	1
2506	1
2508	1
252	124
2532	1
2536	1
254	109
2540	1
2542	1
2544	1
2546	1
2552	1
2554	1
25580	1
256	121
2574	1
2578	1
258	118
2582	1
26	883
260	131
2600	2
2608	2
2614	1
262	116
2624	1
2628	1
264	110
2646	1
2654	1
2658	2
266	112
268	105
2690	1
2692	2
2696	1
270	105
2702	1
2708	1
2710	1
2712	1
272	113
274	117
2748	1
2758	1
276	102
2760	1
2772	1
2774	1
2776	1
278	80
2786	1
2788	1
2792	1
28	844
280	106
2802	1
282	103
2828	1
284	94
2840	1
2842	1
2844	1
2854	1
286	111
2872	1
2878	1
288	95
2898	1
290	94
2900	1
292	88
2928	1
2932	1
294	103
29406	1
2942	1
296	91
2960	1
2964	2
2972	1
298	108
2986	2
30	803
300	77
302	96
3032	1
304	88
306	72
3064	1
3068	1
3076	1
308	81
3090	1
3096	1
310	94
3110	1
312	87
314	100
3154	2
316	78
3160	1
3162	1
318	74
3182	1
3184	1
3192	1
3196	1
32	823
320	95
3216	1
322	73
3226	1
324	73
326	64
3264	1
328	70
330	77
3300	1
332	61
3320	1
334	54
3340	1
336	72
3374	1
338	66
34	779
340	61
342	96
344	55
3452	1
3456	1
346	64
3460	1
3466	1
348	58
3480	1
3496	1
350	62
3518	1
352	59
354	76
3544	1
3554	1
356	65
3570	2
358	76
3594	1
36	771
360	56
3600	1
362	56
3638	1
364	62
366	57
368	63
370	66
372	54
374	52
3742	1
376	63
3760	1
378	62
38	708
380	50
3802	1
382	49
3830	1
384	48
3856	2
386	51
3878	2
388	40
390	47
3904	1
392	51
394	45
396	43
3960	2
398	55
3980	1
4	1569
40	718
400	40
4012	1
402	48
4038	1
404	53
406	49
408	48
4086	1
4092	1
410	42
412	51
4122	1
414	42
416	46
418	58
42	759
420	51
4202	1
4204	1
422	44
424	43
426	24
428	44
4282	1
430	39
432	38
434	29
4344	1
436	43
438	38
44	762
440	33
4402	1
442	33
4436	1
444	41
4444	1
446	35
4466	1
448	48
4484	1
450	31
452	35
454	37
456	39
4560	1
458	32
4598	1
46	749
460	36
462	37
464	31
466	37
468	35
470	38
4712	1
472	19
4732	1
474	32
476	34
478	30
4790	1
48	724
480	26
482	24
484	23
486	41
4872	1
488	21
4894	1
490	29
4908	1
4912	1
4918	1
492	26
494	33
4946	1
496	23
4966	1
498	22
50	710
500	24
502	30
504	28
5058	1
506	34
508	29
510	28
512	25
514	27
5156	1
516	28
5164	1
5168	1
518	29
52	710
520	21
5206	1
522	30
524	29
526	34
5276	1
528	19
5286	1
530	26
532	26
5332	1
534	18
536	23
5362	1
5374	1
538	18
54	660
540	19
5400	1
5416	1
542	26
5428	1
544	21
5454	1
546	22
548	22
550	24
552	33
554	20
556	28
558	24
5582	1
56	657
560	24
5600	1
562	27
564	15
566	15
568	16
570	19
572	17
574	20
576	16
578	24
5786	1
58	641
580	22
5816	1
5818	1
582	19
5832	1
584	28
586	23
588	19
590	26
592	18
594	21
5948	1
596	20
5960	1
598	13
5994	1
6	1333
60	617
600	22
602	26
604	17
606	20
608	19
610	10
612	13
614	17
616	18
618	18
62	608
620	11
622	15
624	20
626	14
628	16
630	20
632	14
634	16
636	14
6364	1
6376	1
638	10
64	580
640	14
642	11
644	18
646	11
648	19
6492	1
650	18
6504	1
652	13
654	12
656	15
658	12
6592	1
66	596
660	15
662	15
664	20
666	17
668	22
670	16
672	16
674	20
676	5
678	14
68	542
680	18
682	15
684	12
686	8
688	15
690	10
692	11
694	20
6942	1
696	15
698	9
70	605
700	18
702	12
704	12
706	9
7072	1
708	16
710	14
712	17
714	13
7158	1
716	9
718	11
72	577
720	13
722	11
724	7
726	22
7276	1
728	15
730	15
732	12
734	9
736	10
738	13
74	522
740	17
742	8
744	11
746	11
7464	1
748	9
750	10
752	12
754	13
756	13
758	18
76	548
760	6
762	21
764	12
7648	1
766	11
768	8
770	12
772	9
774	9
776	11
7770	1
778	8
78	518
780	12
782	17
784	13
7842	1
786	13
788	5
790	9
792	11
794	9
796	6
798	5
8	1235
80	528
800	8
802	14
804	7
806	12
808	11
810	9
812	8
814	5
816	7
818	9
82	509
820	5
822	9
824	10
826	5
8278	1
828	6
830	11
832	8
834	14
836	9
8368	1
838	9
84	479
840	9
842	9
844	13
8442	1
846	10
848	8
850	9
852	10
854	10
856	8
8570	1
858	7
86	475
860	4
862	6
864	4
866	8
8668	1
868	12
870	8
872	7
874	8
876	7
878	9
8780	1
88	475
880	6
8812	1
882	12
884	8
886	7
888	11
890	5
892	5
894	10
896	5
8968	1
898	7
90	491
900	6
902	4
904	6
906	12
908	9
910	6
912	3
914	8
9156	1
916	11
918	6
92	442
920	8
922	7
9224	1
924	5
926	10
928	6
930	9
932	9
934	6
936	5
938	10
94	437
940	6
942	7
944	4
946	10
948	5
950	4
952	6
954	5
956	8
958	9
9598	1
96	452
960	8
962	5
964	12
966	8
968	3
970	3
972	5
974	3
976	6
978	12
98	406
980	6
982	6
984	12
986	2
988	8
990	3
992	10
994	6
996	2
998	7
