1	1
10	63357
100	10033
1000	135
1002	132
1004	129
1006	118
1008	120
1010	145
1012	117
1014	125
1016	124
1018	118
102	10005
1020	126
1022	111
1024	114
1026	112
1028	115
1030	122
1032	120
1034	108
1036	97
1038	110
104	9957
1040	119
1042	129
1044	104
1046	119
1048	114
1050	112
1052	117
1054	83
1056	105
1058	91
106	9899
1060	104
1062	97
1064	86
1066	103
1068	98
1070	99
1072	85
1074	103
1076	106
1078	106
108	9642
1080	97
1082	87
1084	91
1086	90
1088	95
1090	87
1092	81
1094	88
1096	95
1098	91
110	9578
1100	97
1102	93
1104	85
1106	69
1108	87
1110	84
1112	90
1114	97
1116	90
1118	87
112	9472
1120	73
1122	74
1124	81
1126	73
1128	67
1130	78
1132	88
1134	77
1136	66
1138	62
114	9497
1140	72
1142	79
1144	83
1146	79
1148	67
1150	101
1152	74
1154	73
1156	77
1158	65
116	9177
1160	69
1162	73
1164	74
1166	64
1168	60
1170	59
1172	71
1174	67
1176	73
1178	82
118	9084
1180	73
1182	61
1184	54
1186	66
1188	79
1190	64
1192	52
1194	47
1196	73
1198	54
12	53661
120	9002
1200	59
1202	68
1204	68
1206	53
1208	49
1210	63
1212	52
1214	60
1216	68
1218	47
122	8933
1220	54
1222	67
1224	56
1226	51
1228	55
1230	53
1232	53
1234	59
1236	51
1238	53
124	8767
1240	48
1242	56
1244	50
1246	49
1248	55
1250	53
1252	41
1254	61
1256	62
1258	58
126	8713
1260	43
1262	51
1264	42
1266	52
1268	43
1270	40
1272	52
1274	47
1276	52
1278	54
128	8624
1280	36
1282	42
1284	56
1286	33
1288	48
1290	45
1292	58
1294	35
1296	35
1298	46
130	8458
1300	43
1302	39
1304	37
1306	46
1308	38
1310	42
1312	42
1314	43
1316	37
1318	43
132	8402
1320	36
1322	44
1324	33
1326	30
1328	40
1330	33
1332	39
1334	32
1336	27
1338	41
134	8118
1340	32
1342	41
1344	42
1346	40
1348	26
1350	37
1352	43
1354	37
1356	34
1358	29
136	7981
1360	41
1362	30
1364	36
1366	33
1368	37
1370	35
1372	36
1374	33
1376	38
1378	29
138	7992
1380	43
1382	37
1384	40
1386	35
1388	34
1390	32
1392	26
1394	34
1396	30
1398	32
14	47315
140	7867
1400	28
1402	31
1404	36
1406	29
1408	30
1410	29
1412	26
1414	24
1416	19
1418	26
142	7792
1420	34
1422	30
1424	31
1426	17
1428	29
1430	36
1432	19
1434	32
1436	21
1438	27
144	7700
1440	27
1442	27
1444	28
1446	26
1448	28
1450	19
1452	22
1454	27
1456	27
1458	22
146	7748
1460	31
1462	23
1464	26
1466	16
1468	35
1470	27
1472	23
1474	30
1476	21
1478	24
148	7512
1480	20
1482	32
1484	28
1486	20
1488	21
1490	25
1492	20
1494	28
1496	28
1498	19
150	7375
1500	20
1502	31
1504	26
1506	17
1508	21
1510	20
1512	26
1514	25
1516	20
1518	19
152	7395
1520	36
1522	22
1524	19
1526	21
1528	16
1530	23
1532	20
1534	19
1536	21
1538	22
154	7261
1540	15
1542	16
1544	15
1546	23
1548	25
1550	18
1552	15
1554	19
1556	16
1558	22
156	7156
1560	21
1562	20
1564	25
1566	16
1568	22
1570	12
1572	21
1574	30
1576	24
1578	17
158	6949
1580	20
1582	14
1584	19
1586	30
1588	13
1590	15
1592	12
1594	30
1596	21
1598	20
16	42116
160	6933
1600	16
1602	30
1604	13
1606	26
1608	25
1610	22
1612	28
1614	16
1616	18
1618	13
162	6916
1620	16
1622	23
1624	18
1626	10
1628	21
1630	17
1632	16
1634	21
1636	15
1638	22
164	6825
1640	24
1642	17
1644	17
1646	17
1648	15
1650	23
1652	17
1654	23
1656	12
1658	20
166	6775
1660	19
1662	22
1664	18
1666	20
1668	14
1670	17
1672	22
1674	19
1676	13
1678	9
168	6592
1680	17
1682	11
1684	15
1686	12
1688	7
1690	17
1692	12
1694	12
1696	12
1698	16
170	6562
1700	14
1702	19
1704	17
1706	15
1708	13
1710	13
1712	12
1714	12
1716	12
1718	9
172	6465
1720	18
1722	18
1724	14
1726	16
1728	16
1730	17
1732	11
1734	13
1736	10
1738	14
174	6414
1740	13
1742	18
1744	19
1746	19
1748	22
1750	13
1752	6
1754	14
1756	18
1758	22
176	6270
1760	10
1762	16
1764	5
1766	10
1768	9
1770	11
1772	14
1774	8
1776	15
1778	10
178	6240
1780	12
1782	11
1784	15
1786	11
1788	12
1790	13
1792	13
1794	11
1796	15
1798	13
18	37993
180	6162
1800	6
1802	9
1804	13
1806	11
1808	8
1810	13
1812	9
1814	12
1816	15
1818	11
182	6051
1820	7
1822	15
1824	12
1826	11
1828	11
1830	7
1832	10
1834	13
1836	11
1838	14
184	5952
1840	9
1842	7
1844	14
1846	7
1848	13
1850	13
1852	11
1854	5
1856	14
1858	8
186	5958
1860	8
1862	5
1864	6
1866	12
1868	5
1870	14
1872	6
1874	9
1876	7
1878	15
188	5841
1880	10
1882	7
1884	15
1886	8
1888	6
1890	13
1892	12
1894	5
1896	9
1898	17
190	5731
1900	10
1902	6
1904	6
1906	10
1908	8
1910	4
1912	16
1914	9
1916	6
1918	15
192	5656
1920	12
1922	8
1924	8
1926	6
1928	7
1930	6
1932	17
1934	9
1936	13
1938	12
194	5588
1940	8
1942	6
1944	11
1946	5
1948	10
1950	8
1952	9
1954	8
1956	7
1958	10
196	5579
1960	8
1962	8
1964	8
1966	12
1968	7
1970	14
1972	4
1974	8
1976	10
1978	9
198	5305
1980	8
1982	8
1984	8
1986	11
1988	5
1990	14
1992	11
1994	7
1996	4
1998	7
2	207784
20	34564
200	5231
2000	7
2002	8
2004	10
2006	7
2008	10
2010	11
2012	9
2014	9
2016	12
2018	6
202	5349
2020	15
2022	5
2024	8
2026	12
2028	16
2030	10
2032	11
2034	7
2036	10
2038	7
204	5204
2040	2
2042	9
2044	10
2046	10
2048	6
2050	9
2052	6
2054	9
2056	8
2058	6
206	5280
2060	6
2062	6
2064	8
2066	5
2068	8
2070	4
2072	4
2074	6
2076	6
2078	5
208	5099
2080	7
2082	9
2084	9
2086	5
2088	3
2090	7
2092	5
2094	3
2096	8
2098	9
210	5142
2100	4
2102	5
2104	7
2106	3
2108	4
2110	6
2112	8
2114	7
2116	9
2118	2
212	5015
2120	9
2122	6
2124	7
2126	6
2128	8
2130	5
2132	8
2134	5
2136	1
2138	10
214	5029
2140	8
2142	6
2144	5
2146	9
2148	4
2150	10
2152	8
2154	2
2156	7
2158	3
216	4922
2160	3
2162	10
2164	6
2166	10
2168	9
2170	6
2172	2
2174	4
2176	4
2178	3
218	4957
2180	5
2182	9
2184	7
2186	8
2188	3
2190	3
2192	4
2194	4
2196	2
2198	9
22	31842
220	4795
2200	9
2202	2
2204	5
2206	5
2208	7
2210	2
2212	5
2214	8
2216	4
2218	7
222	4716
2220	3
2222	1
2224	6
2226	3
2228	6
2230	8
2232	5
2234	2
2236	12
2238	4
224	4735
2240	5
2242	10
2244	1
2246	9
2248	6
2250	4
2252	9
2254	6
2256	4
2258	3
226	4592
2260	7
2262	3
2264	10
2266	4
2268	4
2270	3
2272	3
2274	5
2276	2
2278	5
228	4542
2280	7
2282	10
2284	1
2286	6
2288	4
2290	5
2292	6
2294	4
2296	3
2298	4
230	4493
2300	4
2302	3
2304	5
2306	1
2308	4
2310	7
2312	7
2314	5
2316	6
2318	3
232	4474
2320	4
2322	5
2324	6
2326	5
2328	9
2330	5
2332	6
2334	5
2336	4
2338	6
234	4581
2340	7
2342	2
2344	5
2346	4
2348	8
2350	2
2352	4
2354	6
2356	3
2358	5
236	4304
2360	3
2362	6
2364	4
2366	8
2368	9
2370	5
2372	7
2374	5
2376	1
2378	7
238	4352
2380	3
2382	4
2384	4
2386	4
2388	2
2390	8
2392	6
2394	4
2396	4
2398	3
24	29706
240	4286
2400	1
2402	5
2404	7
2406	5
2408	3
2410	4
2412	5
2414	2
2416	4
2418	7
242	4116
2420	4
2422	4
2424	4
2428	9
2430	9
2432	7
2434	3
2436	3
2438	2
244	3963
2440	8
2442	3
2444	6
2446	3
2448	4
2450	5
2452	3
2456	3
2458	3
246	4084
2460	5
2462	3
2464	3
2466	3
2468	3
2470	2
2472	4
2474	3
2476	4
2478	1
248	4066
2480	9
2482	4
2484	2
2486	4
2488	5
2490	4
2494	4
2496	3
2498	3
250	3951
2500	2
2502	4
2504	7
2506	6
2508	4
2510	3
2512	3
2514	1
2516	1
2518	2
252	4043
2520	3
2522	3
2524	4
2526	5
2528	2
2530	3
2532	4
2534	3
2536	1
2538	4
254	3818
2540	2
2542	5
2544	3
2546	1
2548	1
2550	4
2552	1
2554	2
2556	2
2558	2
256	3962
2560	2
2562	5
2564	1
2566	5
2568	4
2570	3
2572	5
2574	2
2576	4
2578	3
258	3815
2580	5
2582	2
2584	1
2586	3
2588	1
2590	5
2592	2
2594	4
2596	3
2598	6
26	27456
260	3701
2600	5
2602	4
2604	5
2606	2
2608	2
2610	3
2612	2
2614	4
2618	4
262	3688
2620	6
2622	2
2624	3
2626	4
2628	3
2630	2
2632	3
2634	2
2636	3
2638	5
264	3702
2640	2
2642	2
2644	2
2646	7
2650	3
2652	1
2654	3
2656	5
2658	3
266	3683
2660	2
2662	2
2664	4
2666	3
2668	2
2670	2
2672	3
2676	1
2678	4
268	3607
2680	1
2682	2
2684	3
2686	1
2688	3
2690	8
2692	3
2694	5
2696	4
270	3486
2700	3
2702	7
2704	3
2706	3
2708	4
2710	6
2712	4
2714	2
2716	4
2718	2
272	3512
2720	3
2722	4
2724	2
2726	4
2728	5
2730	3
2732	4
2736	2
2738	3
274	3319
2740	6
2742	5
2744	2
2746	5
2748	1
2750	4
2752	4
2754	1
2756	3
2758	8
276	3436
2760	2
2762	1
2764	5
2766	3
2768	2
2770	3
2772	4
2774	1
2778	8
278	3402
2780	4
2782	4
2784	2
2788	3
2790	4
2792	1
2794	4
2796	3
2798	2
28	25868
280	3383
2800	3
2802	1
2804	4
2806	2
2808	4
2810	3
2812	7
2814	5
2816	6
2818	1
282	3306
2820	2
2822	3
2830	3
2832	2
2834	3
2836	1
284	3332
2840	2
2844	4
2846	3
2848	2
2850	2
2852	2
2854	1
2856	4
2858	5
286	3215
2860	2
2862	3
2864	1
2866	4
2868	3
2870	6
2874	3
2876	2
2878	4
288	3182
2880	3
2882	5
2884	3
2886	5
2888	1
2890	3
2892	4
2894	5
2896	3
2898	3
290	3208
2900	2
2902	2
2904	4
2906	5
2908	2
2910	9
2912	3
2914	2
2916	1
2918	2
292	3022
2920	5
2922	4
2924	3
2928	1
2930	2
2932	1
2934	1
2936	2
2938	2
294	3022
2940	2
2942	4
2944	3
2946	3
2948	2
2950	4
2952	5
2954	3
2958	2
296	3069
2960	3
2962	4
2964	2
2966	3
2968	1
2970	4
2972	1
2974	2
2976	4
2978	3
298	3046
2980	4
2986	1
2988	2
2990	2
2992	2
2994	2
2996	7
30	24311
300	2980
3000	3
3004	1
3008	4
3010	1
3012	5
3014	2
3016	1
3018	3
302	2923
3020	3
3022	1
3024	6
3026	4
3028	2
3030	5
3032	1
3034	2
3036	1
3038	4
304	2948
3040	1
3042	1
3044	1
3048	4
3050	1
3052	3
3054	3
3056	3
3058	3
306	3000
3060	6
3064	2
3066	4
3068	1
3070	2
3072	3
3074	4
3076	1
3078	2
308	2912
3080	1
3082	5
3084	2
3086	4
3088	1
3090	4
3092	2
3094	2
3096	4
3098	2
310	2824
3100	1
3102	3
3104	5
3108	1
3112	1
3114	4
3116	2
3118	2
312	2794
3120	1
3124	3
3126	2
3128	2
3130	5
3132	4
3134	2
314	2807
3140	3
3142	3
3144	4
3146	1
3148	1
3150	1
3152	5
3156	2
3158	3
316	2743
3160	1
3162	1
3164	1
3166	2
3168	2
3170	4
3172	3
3174	1
3176	1
3178	1
318	2804
3180	2
3182	2
3184	1
3186	1
3192	4
3194	1
3196	1
3198	1
32	23106
320	2714
3200	6
3204	4
3208	2
3210	1
3212	1
3216	2
3218	4
322	2626
3220	4
3224	2
3226	2
3228	3
3230	5
3232	3
3234	1
3236	1
3238	4
324	2580
3240	2
3242	1
3244	3
3246	1
3248	1
3250	1
3252	1
3254	2
3258	2
326	2560
3260	2
3262	3
3264	3
3266	1
3268	3
3272	1
3274	2
328	2587
3280	4
3286	2
3288	3
3290	4
3294	1
3296	2
3298	1
330	2559
3300	1
3306	1
3308	3
3312	2
3316	1
3318	1
332	2556
3320	1
3322	1
3326	2
3328	1
3330	1
3332	1
3334	2
3338	1
334	2518
3340	3
3342	3
3344	2
3346	1
3348	1
3350	3
3356	1
3358	2
336	2466
3360	1
3362	1
3364	2
3370	2
3372	1
3374	1
338	2382
3382	2
3386	1
3392	2
3398	1
34	22168
340	2446
3400	2
3402	1
3406	2
3410	2
3418	1
342	2412
3420	1
3422	1
3426	1
3432	1
3436	2
344	2308
3450	2
3452	2
3454	2
3456	2
3458	2
346	2302
3460	1
3462	2
3464	3
3468	2
3470	2
3476	1
348	2245
3482	1
3484	1
3486	1
3488	2
3490	1
3492	1
350	2213
3502	1
3504	1
3506	1
3510	3
3514	2
3516	2
3518	2
352	2187
3524	1
3528	1
3536	3
3538	4
354	2258
3540	4
3544	1
3546	2
3552	4
3554	2
3558	2
356	2205
3560	2
3562	1
3566	2
3574	3
3576	2
3578	1
358	2174
3580	2
3582	1
3584	1
3586	1
3588	1
3590	2
3592	2
3596	1
3598	1
36	21054
360	2232
3604	1
3608	1
3610	2
3612	2
3614	2
362	2154
3620	2
3622	1
3624	1
3630	1
3634	1
3638	1
364	2091
3646	2
3648	1
3652	1
366	2116
3664	2
3668	1
3670	2
3674	1
3676	1
368	2085
3682	1
3688	1
3690	1
3692	1
3694	1
3696	2
3698	2
370	2090
3708	1
3714	2
372	1986
3720	1
3722	1
3730	2
3732	1
3734	1
374	1969
3740	2
3742	1
3748	2
3754	1
376	1982
3764	1
3766	1
3768	2
3770	1
3772	3
3776	2
378	1934
3786	2
3792	2
38	20410
380	1869
3808	1
3812	1
3818	1
382	1884
3822	1
3824	1
3826	3
3828	1
3834	2
3838	1
384	1884
3840	1
3846	1
386	1841
3864	1
3872	2
3876	1
3878	1
388	1976
3880	2
3882	1
3886	1
3890	1
3892	1
3894	2
3898	3
390	1850
3902	1
3908	1
3918	1
392	1768
3926	1
3930	1
3932	3
394	1808
3942	1
3946	2
3952	1
3958	1
396	1749
3960	1
3970	4
3976	1
398	1758
3990	1
3992	1
3994	1
4	130457
40	19740
400	1717
4006	1
4008	1
4014	1
402	1696
4030	1
404	1623
4046	1
406	1694
4068	1
4072	1
408	1682
4082	1
4090	1
4092	2
4096	1
410	1562
4114	1
412	1548
4122	1
4124	2
4126	2
4130	1
414	1638
4142	1
4144	2
4150	1
416	1586
4160	1
4164	1
4166	1
4168	2
418	1545
4184	1
4194	1
4198	1
42	18765
420	1519
4200	1
4208	1
4210	1
4212	1
4216	1
4218	2
422	1560
4222	1
4226	1
4228	1
424	1538
4242	1
4246	1
4252	1
4258	1
426	1513
4262	2
4264	1
4266	2
428	1535
4280	2
4288	1
4296	1
430	1457
4316	1
4318	1
432	1521
4322	1
4332	1
4336	2
4338	1
434	1485
4348	1
436	1410
4364	1
4372	1
4374	1
438	1410
4382	2
4394	1
4398	2
44	17885
440	1448
4400	1
4408	1
4412	1
442	1366
4420	1
4426	1
4428	1
4432	2
444	1402
4448	1
446	1392
4464	1
4466	1
4472	1
4474	1
4476	1
448	1390
4482	1
4492	2
4494	2
450	1274
452	1354
4524	1
4526	1
4532	1
454	1335
4544	1
4548	1
4552	1
456	1343
4560	1
4570	1
4574	2
458	1321
4582	1
4586	1
46	17588
460	1236
4614	1
4616	1
4618	1
462	1226
4638	1
464	1217
4640	1
4642	1
4650	1
4658	1
466	1233
4666	2
4670	1
4676	2
468	1236
4682	1
4698	1
470	1197
4702	1
4714	1
4718	1
472	1160
4720	1
4722	1
4726	2
4728	1
4732	2
474	1198
4740	1
4746	1
4754	1
4756	1
4758	1
476	1192
4762	2
4778	1
478	1176
4786	2
4794	1
48	16810
480	1130
4802	1
4814	1
4816	1
482	1165
4820	1
4824	1
4832	1
484	1147
4846	2
486	1111
4876	1
4878	1
488	1089
4888	1
490	1188
4900	1
4916	1
492	1113
4926	1
4928	1
494	1099
4942	1
4948	1
4952	1
4956	1
4958	1
496	1142
4964	1
4972	1
4974	2
498	1075
4986	1
4994	1
4998	1
50	16820
500	1008
5000	1
5002	1
5008	1
5018	1
502	1079
5022	1
5024	1
5030	1
5034	1
504	1008
5040	1
5042	1
5046	1
5048	1
5050	1
506	1057
5060	1
5070	1
5076	1
508	964
5080	1
5084	1
5086	1
5088	1
5090	1
5092	1
5098	1
510	1004
5108	1
5114	1
512	967
5120	1
5122	1
5126	2
5132	2
5136	1
514	1042
5140	1
5142	2
5144	2
5146	1
5152	1
5156	1
516	993
5162	3
5164	1
5166	1
5168	1
5170	1
5172	1
518	948
5180	2
5190	1
5194	1
5196	1
52	15992
520	969
5202	1
5204	1
5214	2
5216	1
5218	3
522	910
5226	1
5230	1
5236	1
524	919
5240	1
5246	2
5250	1
5258	2
526	911
5260	1
5270	1
5272	1
528	981
5280	2
5290	1
530	917
5302	4
5308	1
5314	2
5316	1
532	930
5322	1
5334	1
534	936
5344	1
5346	1
5348	2
5356	1
536	902
5360	1
5364	1
5366	1
5370	1
5374	1
538	890
5382	1
5384	1
5390	1
5392	1
5396	2
54	15432
540	915
5402	2
5404	3
5406	2
5408	2
5410	1
5412	1
5418	2
542	831
5422	1
5428	5
5432	1
5434	1
544	805
5440	1
5442	1
5444	1
5446	1
5448	3
5454	2
5456	2
546	845
5460	1
5462	1
5464	1
5466	1
5474	3
5476	1
5478	3
548	824
5480	2
5488	1
5490	1
5492	2
5498	2
550	852
5504	1
5506	1
5512	1
5514	1
5518	1
552	880
5520	4
5522	1
5524	1
5532	1
5536	1
5538	2
554	815
5540	1
5544	1
5554	1
556	843
5560	2
5564	4
5566	1
5568	3
5574	3
5578	1
558	860
5580	2
5582	1
5584	1
5586	1
5588	1
5590	4
5592	1
5594	3
5596	1
5598	1
56	15265
560	800
5602	2
5606	1
5610	1
5612	2
5614	2
5616	1
5618	2
562	805
5620	1
5622	1
5624	1
5626	1
5630	1
5634	1
5636	1
5638	1
564	824
5648	1
5650	1
5652	2
5656	2
566	754
5662	1
5664	1
5668	1
5674	1
5676	3
5678	1
568	801
5680	1
5682	1
5684	3
5686	2
5688	1
5698	1
570	762
5700	2
5702	1
5704	1
5710	1
5712	1
5714	3
5716	1
5718	2
572	791
5720	1
5728	1
5732	1
5736	1
5738	1
574	807
5744	2
5750	3
5752	1
5756	2
5758	1
576	748
5760	2
5766	1
5768	3
5774	1
5778	1
578	751
5780	1
5782	2
5784	1
5786	1
5788	1
5790	1
5792	3
5796	1
5798	2
58	14746
580	673
5800	1
5802	2
5804	2
5806	2
5810	1
5812	1
5816	1
5818	1
582	725
5820	2
5826	1
5828	1
5830	2
5832	2
5834	1
5838	1
584	709
5840	2
5844	1
5846	2
5848	1
5852	1
5856	2
5858	1
586	735
5860	1
5866	1
5868	1
5870	3
5876	1
588	705
5882	1
5884	2
5890	1
590	680
5904	1
5910	1
5912	1
592	687
5920	1
5924	1
5938	1
594	636
596	678
5978	1
598	660
5980	1
6	95153
60	14523
600	727
602	652
604	708
606	662
608	687
610	646
612	656
614	652
616	668
618	571
62	14189
620	617
622	644
624	578
626	626
628	553
630	641
632	625
634	558
636	574
6374	1
638	551
64	13790
640	590
642	588
644	598
646	565
648	559
650	546
652	551
654	578
656	517
658	530
66	13595
660	518
662	512
664	515
666	507
668	513
670	477
672	487
674	484
676	532
678	494
68	13093
680	450
682	476
684	487
686	503
688	452
690	474
692	438
694	446
696	457
698	461
70	13281
700	425
702	432
704	446
706	446
708	460
710	444
712	410
714	396
716	416
718	414
72	12778
720	410
722	380
724	384
726	421
728	408
730	390
732	379
734	398
736	418
738	431
74	12585
740	379
742	406
744	376
746	394
748	346
750	363
752	365
754	370
756	329
758	375
76	12564
760	317
762	305
764	312
766	330
768	345
770	351
772	328
774	322
776	333
778	321
78	12315
780	302
782	309
784	303
786	297
788	298
790	305
792	292
794	306
796	301
798	319
8	76328
80	12122
800	309
802	289
804	305
806	282
808	305
810	296
812	266
814	300
816	276
818	260
82	11977
820	273
822	247
824	272
826	260
828	256
830	249
832	285
834	271
836	259
838	257
84	11617
840	237
842	247
844	257
846	263
848	241
850	244
852	248
854	231
856	259
858	243
86	11415
860	246
862	220
864	240
866	223
868	251
870	217
872	214
874	214
876	225
878	228
88	11291
880	236
882	208
884	195
886	205
888	200
890	188
892	237
894	206
896	187
898	247
90	11027
900	204
902	210
904	189
906	214
908	205
910	200
912	185
914	182
916	180
918	178
92	10771
920	178
922	183
924	199
926	157
928	153
930	177
932	187
934	158
936	174
938	174
94	10510
940	193
942	169
944	160
946	171
948	184
950	165
952	160
954	189
956	139
958	181
96	10585
960	140
962	154
964	154
966	161
968	146
970	150
972	147
974	145
976	144
978	159
98	10418
980	143
982	155
984	129
986	130
988	153
990	149
992	150
994	119
996	141
998	128
